
2024/02/05 (20:57:41) | ===> btop++ v.1.3.0
2024/02/05 (20:57:41) | WARNING: NVML: Failed to get maximum GPU power draw, defaulting to 225W: Not Supported
2024/02/05 (20:57:41) | WARNING: NVML: Failed to get maximum GPU temperature, defaulting to 110°C: Not Supported
2024/02/05 (20:57:41) | WARNING: NVML: Failed to get GPU utilization: Not Supported
2024/02/05 (20:57:41) | WARNING: NVML: Failed to get GPU clock speed: Not Supported
2024/02/05 (20:57:41) | WARNING: NVML: Failed to get VRAM clock speed: Not Supported
2024/02/05 (20:57:41) | WARNING: NVML: Failed to get GPU power usage: Not Supported
2024/02/05 (20:57:41) | WARNING: NVML: Failed to get PCIe TX throughput: Not Supported
2024/02/05 (20:57:41) | WARNING: NVML: Failed to get PCIe RX throughput: Not Supported
2024/02/05 (20:57:57) | ERROR: Exception in runner thread -> Cpu:: -> graphs, clock, meter : unordered_map::at

2024/02/05 (20:58:02) | ===> btop++ v.1.3.0
2024/02/05 (20:58:02) | WARNING: NVML: Failed to get maximum GPU power draw, defaulting to 225W: Not Supported
2024/02/05 (20:58:02) | WARNING: NVML: Failed to get maximum GPU temperature, defaulting to 110°C: Not Supported
2024/02/05 (20:58:02) | WARNING: NVML: Failed to get GPU utilization: Not Supported
2024/02/05 (20:58:02) | WARNING: NVML: Failed to get GPU clock speed: Not Supported
2024/02/05 (20:58:02) | WARNING: NVML: Failed to get VRAM clock speed: Not Supported
2024/02/05 (20:58:02) | WARNING: NVML: Failed to get GPU power usage: Not Supported
2024/02/05 (20:58:02) | WARNING: NVML: Failed to get PCIe RX throughput: Not Supported
2024/02/05 (20:58:02) | WARNING: NVML: Failed to get PCIe TX throughput: Not Supported
2024/02/05 (20:58:04) | ERROR: Exception in runner thread -> Cpu:: -> graphs, clock, meter : unordered_map::at

2024/02/05 (21:25:49) | ===> btop++ v.1.3.0
2024/02/05 (21:25:49) | WARNING: NVML: Failed to get maximum GPU power draw, defaulting to 225W: Not Supported
2024/02/05 (21:25:49) | WARNING: NVML: Failed to get maximum GPU temperature, defaulting to 110°C: Not Supported
2024/02/05 (21:25:49) | WARNING: NVML: Failed to get GPU utilization: Not Supported
2024/02/05 (21:25:49) | WARNING: NVML: Failed to get GPU clock speed: Not Supported
2024/02/05 (21:25:49) | WARNING: NVML: Failed to get VRAM clock speed: Not Supported
2024/02/05 (21:25:49) | WARNING: NVML: Failed to get GPU power usage: Not Supported
2024/02/05 (21:25:49) | WARNING: NVML: Failed to get PCIe RX throughput: Not Supported
2024/02/05 (21:25:49) | WARNING: NVML: Failed to get PCIe TX throughput: Not Supported
2024/02/05 (21:25:51) | ERROR: Exception in runner thread -> Cpu:: -> graphs, clock, meter : unordered_map::at

2024/02/05 (21:30:57) | ===> btop++ v.1.3.0
2024/02/05 (21:30:57) | WARNING: NVML: Failed to get maximum GPU power draw, defaulting to 225W: Not Supported
2024/02/05 (21:30:57) | WARNING: NVML: Failed to get maximum GPU temperature, defaulting to 110°C: Not Supported
2024/02/05 (21:30:57) | WARNING: NVML: Failed to get GPU utilization: Not Supported
2024/02/05 (21:30:57) | WARNING: NVML: Failed to get GPU clock speed: Not Supported
2024/02/05 (21:30:57) | WARNING: NVML: Failed to get VRAM clock speed: Not Supported
2024/02/05 (21:30:57) | WARNING: NVML: Failed to get GPU power usage: Not Supported
2024/02/05 (21:30:57) | WARNING: NVML: Failed to get PCIe RX throughput: Not Supported
2024/02/05 (21:30:57) | WARNING: NVML: Failed to get PCIe TX throughput: Not Supported
2024/02/05 (21:31:04) | ERROR: Exception in runner thread -> Cpu:: -> graphs, clock, meter : unordered_map::at

2024/02/05 (21:31:16) | ===> btop++ v.1.3.0
2024/02/05 (21:31:16) | DEBUG: Starting in DEBUG mode!
2024/02/05 (21:31:16) | INFO: Logger set to DEBUG
2024/02/05 (21:31:16) | DEBUG: Using locale en_US.UTF-8
2024/02/05 (21:31:16) | INFO: Running on /dev/pts/4
2024/02/05 (21:31:16) | WARNING: NVML: Failed to get maximum GPU power draw, defaulting to 225W: Not Supported
2024/02/05 (21:31:16) | WARNING: NVML: Failed to get maximum GPU temperature, defaulting to 110°C: Not Supported
2024/02/05 (21:31:16) | WARNING: NVML: Failed to get GPU utilization: Not Supported
2024/02/05 (21:31:16) | WARNING: NVML: Failed to get GPU clock speed: Not Supported
2024/02/05 (21:31:16) | WARNING: NVML: Failed to get VRAM clock speed: Not Supported
2024/02/05 (21:31:16) | WARNING: NVML: Failed to get GPU power usage: Not Supported
2024/02/05 (21:31:16) | WARNING: NVML: Failed to get PCIe TX throughput: Not Supported
2024/02/05 (21:31:16) | WARNING: NVML: Failed to get PCIe RX throughput: Not Supported
2024/02/05 (21:31:16) | INFO: Failed to load librocm_smi64.so, AMD GPUs will not be detected: librocm_smi64.so.1.0: cannot open shared object file: No such file or directory
2024/02/05 (21:31:16) | DEBUG: Shared::init() : Initialized.
2024/02/05 (21:31:18) | ERROR: Exception in runner thread -> Cpu:: -> graphs, clock, meter : unordered_map::at
2024/02/05 (21:31:18) | INFO: Quitting! Runtime: 00:00:02

2024/02/05 (21:31:55) | ===> btop++ v.1.3.0
2024/02/05 (21:31:55) | DEBUG: Starting in DEBUG mode!
2024/02/05 (21:31:55) | INFO: Logger set to DEBUG
2024/02/05 (21:31:55) | DEBUG: Using locale en_US.UTF-8
2024/02/05 (21:31:55) | INFO: Running on /dev/pts/4
2024/02/05 (21:31:55) | WARNING: NVML: Failed to get maximum GPU power draw, defaulting to 225W: Not Supported
2024/02/05 (21:31:55) | WARNING: NVML: Failed to get maximum GPU temperature, defaulting to 110°C: Not Supported
2024/02/05 (21:31:55) | WARNING: NVML: Failed to get GPU utilization: Not Supported
2024/02/05 (21:31:55) | WARNING: NVML: Failed to get GPU clock speed: Not Supported
2024/02/05 (21:31:55) | WARNING: NVML: Failed to get VRAM clock speed: Not Supported
2024/02/05 (21:31:55) | WARNING: NVML: Failed to get GPU power usage: Not Supported
2024/02/05 (21:31:55) | WARNING: NVML: Failed to get PCIe TX throughput: Not Supported
2024/02/05 (21:31:55) | WARNING: NVML: Failed to get PCIe RX throughput: Not Supported
2024/02/05 (21:31:55) | INFO: Failed to load librocm_smi64.so, AMD GPUs will not be detected: librocm_smi64.so.1.0: cannot open shared object file: No such file or directory
2024/02/05 (21:31:55) | DEBUG: Shared::init() : Initialized.
2024/02/05 (21:31:57) | ERROR: Exception in runner thread -> Cpu:: -> graphs, clock, meter : unordered_map::at
2024/02/05 (21:31:57) | INFO: Quitting! Runtime: 00:00:02

2024/02/05 (21:33:14) | ===> btop++ v.1.3.0
2024/02/05 (21:33:14) | WARNING: NVML: Failed to get maximum GPU power draw, defaulting to 225W: Not Supported
2024/02/05 (21:33:14) | WARNING: NVML: Failed to get maximum GPU temperature, defaulting to 110°C: Not Supported
2024/02/05 (21:33:14) | WARNING: NVML: Failed to get GPU utilization: Not Supported
2024/02/05 (21:33:14) | WARNING: NVML: Failed to get GPU clock speed: Not Supported
2024/02/05 (21:33:14) | WARNING: NVML: Failed to get VRAM clock speed: Not Supported
2024/02/05 (21:33:14) | WARNING: NVML: Failed to get GPU power usage: Not Supported
2024/02/05 (21:33:14) | WARNING: NVML: Failed to get PCIe TX throughput: Not Supported
2024/02/05 (21:33:14) | WARNING: NVML: Failed to get PCIe RX throughput: Not Supported
2024/02/05 (21:33:17) | ERROR: Exception in runner thread -> Cpu:: -> graphs, clock, meter : unordered_map::at

2024/02/05 (21:34:14) | ===> btop++ v.1.3.0
2024/02/05 (21:34:14) | WARNING: NVML: Failed to get maximum GPU power draw, defaulting to 225W: Not Supported
2024/02/05 (21:34:14) | WARNING: NVML: Failed to get maximum GPU temperature, defaulting to 110°C: Not Supported
2024/02/05 (21:34:14) | WARNING: NVML: Failed to get GPU utilization: Not Supported
2024/02/05 (21:34:14) | WARNING: NVML: Failed to get GPU clock speed: Not Supported
2024/02/05 (21:34:14) | WARNING: NVML: Failed to get VRAM clock speed: Not Supported
2024/02/05 (21:34:14) | WARNING: NVML: Failed to get GPU power usage: Not Supported
2024/02/05 (21:34:14) | WARNING: NVML: Failed to get PCIe TX throughput: Not Supported
2024/02/05 (21:34:14) | WARNING: NVML: Failed to get PCIe RX throughput: Not Supported
2024/02/05 (21:34:16) | ERROR: Exception in runner thread -> Cpu:: -> graphs, clock, meter : unordered_map::at

2024/02/05 (21:36:09) | ===> btop++ v.1.3.0
2024/02/05 (21:36:09) | WARNING: NVML: Failed to get maximum GPU power draw, defaulting to 225W: Not Supported
2024/02/05 (21:36:09) | WARNING: NVML: Failed to get maximum GPU temperature, defaulting to 110°C: Not Supported
2024/02/05 (21:36:09) | WARNING: NVML: Failed to get GPU utilization: Not Supported
2024/02/05 (21:36:09) | WARNING: NVML: Failed to get GPU clock speed: Not Supported
2024/02/05 (21:36:09) | WARNING: NVML: Failed to get VRAM clock speed: Not Supported
2024/02/05 (21:36:09) | WARNING: NVML: Failed to get GPU power usage: Not Supported
2024/02/05 (21:36:09) | WARNING: NVML: Failed to get PCIe RX throughput: Not Supported
2024/02/05 (21:36:09) | WARNING: NVML: Failed to get PCIe TX throughput: Not Supported

2024/02/05 (21:36:17) | ===> btop++ v.1.3.0
2024/02/05 (21:36:17) | WARNING: NVML: Failed to get maximum GPU power draw, defaulting to 225W: Not Supported
2024/02/05 (21:36:17) | WARNING: NVML: Failed to get maximum GPU temperature, defaulting to 110°C: Not Supported
2024/02/05 (21:36:17) | WARNING: NVML: Failed to get GPU utilization: Not Supported
2024/02/05 (21:36:17) | WARNING: NVML: Failed to get GPU clock speed: Not Supported
2024/02/05 (21:36:17) | WARNING: NVML: Failed to get VRAM clock speed: Not Supported
2024/02/05 (21:36:17) | WARNING: NVML: Failed to get GPU power usage: Not Supported
2024/02/05 (21:36:17) | WARNING: NVML: Failed to get PCIe TX throughput: Not Supported
2024/02/05 (21:36:17) | WARNING: NVML: Failed to get PCIe RX throughput: Not Supported
